{"context":"NestFactory","level":"info","message":"Starting Nest application...","timestamp":"2024-11-27T21:09:29.600Z"}
{"context":"InstanceLoader","level":"info","message":"MongooseModule dependencies initialized","timestamp":"2024-11-27T21:09:29.692Z"}
{"context":"InstanceLoader","level":"info","message":"CoreModule dependencies initialized","timestamp":"2024-11-27T21:09:29.693Z"}
{"context":"InstanceLoader","level":"info","message":"AppModule dependencies initialized","timestamp":"2024-11-27T21:09:29.695Z"}
{"context":"InstanceLoader","level":"info","message":"MongooseCoreModule dependencies initialized","timestamp":"2024-11-27T21:09:29.768Z"}
{"context":"InstanceLoader","level":"info","message":"MongooseModule dependencies initialized","timestamp":"2024-11-27T21:09:29.784Z"}
{"context":"InstanceLoader","level":"info","message":"UsersModule dependencies initialized","timestamp":"2024-11-27T21:09:29.786Z"}
{"context":"WebSocketsController","level":"info","message":"UsersGateway subscribed to the \"userAction\" message","timestamp":"2024-11-27T21:09:29.831Z"}
{"context":"RoutesResolver","level":"info","message":"AppController {/}:","timestamp":"2024-11-27T21:09:29.838Z"}
{"context":"RouterExplorer","level":"info","message":"Mapped {/, GET} route","timestamp":"2024-11-27T21:09:29.850Z"}
{"context":"RouterExplorer","level":"info","message":"Mapped {/test-connection, GET} route","timestamp":"2024-11-27T21:09:29.863Z"}
{"context":"RoutesResolver","level":"info","message":"UseController {/use}:","timestamp":"2024-11-27T21:09:29.881Z"}
{"context":"RoutesResolver","level":"info","message":"UsersController {/users}:","timestamp":"2024-11-27T21:09:29.892Z"}
{"context":"RouterExplorer","level":"info","message":"Mapped {/users/register, POST} route","timestamp":"2024-11-27T21:09:29.896Z"}
{"context":"RouterExplorer","level":"info","message":"Mapped {/users/login, POST} route","timestamp":"2024-11-27T21:09:29.899Z"}
{"context":"RouterExplorer","level":"info","message":"Mapped {/users, GET} route","timestamp":"2024-11-27T21:09:29.907Z"}
{"context":"RouterExplorer","level":"info","message":"Mapped {/users/:id, GET} route","timestamp":"2024-11-27T21:09:29.915Z"}
{"context":"RouterExplorer","level":"info","message":"Mapped {/users/:id, PUT} route","timestamp":"2024-11-27T21:09:29.921Z"}
{"context":"RouterExplorer","level":"info","message":"Mapped {/users/:id, DELETE} route","timestamp":"2024-11-27T21:09:29.925Z"}
{"context":"NestApplication","level":"info","message":"Nest application successfully started","timestamp":"2024-11-27T21:09:29.948Z"}
{"level":"info","message":"El usuario testuser ha sido registrado.","timestamp":"2024-11-27T21:12:11.079Z"}
{"context":"NestFactory","level":"info","message":"Starting Nest application...","timestamp":"2024-11-27T21:13:21.095Z"}
{"context":"InstanceLoader","level":"info","message":"MongooseModule dependencies initialized","timestamp":"2024-11-27T21:13:21.167Z"}
{"context":"InstanceLoader","level":"info","message":"CoreModule dependencies initialized","timestamp":"2024-11-27T21:13:21.168Z"}
{"context":"InstanceLoader","level":"info","message":"AppModule dependencies initialized","timestamp":"2024-11-27T21:13:21.169Z"}
{"context":"InstanceLoader","level":"info","message":"MongooseCoreModule dependencies initialized","timestamp":"2024-11-27T21:13:21.224Z"}
{"context":"InstanceLoader","level":"info","message":"MongooseModule dependencies initialized","timestamp":"2024-11-27T21:13:21.236Z"}
{"context":"InstanceLoader","level":"info","message":"UsersModule dependencies initialized","timestamp":"2024-11-27T21:13:21.239Z"}
{"context":"WebSocketsController","level":"info","message":"UsersGateway subscribed to the \"userAction\" message","timestamp":"2024-11-27T21:13:21.265Z"}
{"context":"RoutesResolver","level":"info","message":"AppController {/}:","timestamp":"2024-11-27T21:13:21.270Z"}
{"context":"RouterExplorer","level":"info","message":"Mapped {/, GET} route","timestamp":"2024-11-27T21:13:21.274Z"}
{"context":"RouterExplorer","level":"info","message":"Mapped {/test-connection, GET} route","timestamp":"2024-11-27T21:13:21.280Z"}
{"context":"RoutesResolver","level":"info","message":"UseController {/use}:","timestamp":"2024-11-27T21:13:21.282Z"}
{"context":"RoutesResolver","level":"info","message":"UsersController {/users}:","timestamp":"2024-11-27T21:13:21.283Z"}
{"context":"RouterExplorer","level":"info","message":"Mapped {/users/register, POST} route","timestamp":"2024-11-27T21:13:21.285Z"}
{"context":"RouterExplorer","level":"info","message":"Mapped {/users/login, POST} route","timestamp":"2024-11-27T21:13:21.288Z"}
{"context":"RouterExplorer","level":"info","message":"Mapped {/users, GET} route","timestamp":"2024-11-27T21:13:21.290Z"}
{"context":"RouterExplorer","level":"info","message":"Mapped {/users/:id, GET} route","timestamp":"2024-11-27T21:13:21.294Z"}
{"context":"RouterExplorer","level":"info","message":"Mapped {/users/:id, PUT} route","timestamp":"2024-11-27T21:13:21.297Z"}
{"context":"RouterExplorer","level":"info","message":"Mapped {/users/:id, DELETE} route","timestamp":"2024-11-27T21:13:21.300Z"}
{"context":"NestApplication","level":"info","message":"Nest application successfully started","timestamp":"2024-11-27T21:13:21.305Z"}
{"level":"info","message":"El usuario testuser ha sido registrado.","timestamp":"2024-11-27T21:13:28.473Z"}
{"context":"NestFactory","level":"info","message":"Starting Nest application...","timestamp":"2024-11-27T21:19:32.819Z"}
{"context":"InstanceLoader","level":"info","message":"MongooseModule dependencies initialized","timestamp":"2024-11-27T21:19:32.936Z"}
{"context":"InstanceLoader","level":"info","message":"CoreModule dependencies initialized","timestamp":"2024-11-27T21:19:32.938Z"}
{"context":"InstanceLoader","level":"info","message":"AppModule dependencies initialized","timestamp":"2024-11-27T21:19:32.940Z"}
{"context":"InstanceLoader","level":"info","message":"MongooseCoreModule dependencies initialized","timestamp":"2024-11-27T21:19:33.011Z"}
{"context":"InstanceLoader","level":"info","message":"MongooseModule dependencies initialized","timestamp":"2024-11-27T21:19:33.031Z"}
{"context":"InstanceLoader","level":"info","message":"UsersModule dependencies initialized","timestamp":"2024-11-27T21:19:33.036Z"}
{"context":"WebSocketsController","level":"info","message":"UsersGateway subscribed to the \"userAction\" message","timestamp":"2024-11-27T21:19:33.093Z"}
{"context":"RoutesResolver","level":"info","message":"AppController {/}:","timestamp":"2024-11-27T21:19:33.105Z"}
{"context":"RouterExplorer","level":"info","message":"Mapped {/, GET} route","timestamp":"2024-11-27T21:19:33.117Z"}
{"context":"RouterExplorer","level":"info","message":"Mapped {/test-connection, GET} route","timestamp":"2024-11-27T21:19:33.127Z"}
{"context":"RoutesResolver","level":"info","message":"UseController {/use}:","timestamp":"2024-11-27T21:19:33.137Z"}
{"context":"RoutesResolver","level":"info","message":"UsersController {/users}:","timestamp":"2024-11-27T21:19:33.142Z"}
{"context":"RouterExplorer","level":"info","message":"Mapped {/users/register, POST} route","timestamp":"2024-11-27T21:19:33.151Z"}
{"context":"RouterExplorer","level":"info","message":"Mapped {/users/login, POST} route","timestamp":"2024-11-27T21:19:33.157Z"}
{"context":"RouterExplorer","level":"info","message":"Mapped {/users, GET} route","timestamp":"2024-11-27T21:19:33.169Z"}
{"context":"RouterExplorer","level":"info","message":"Mapped {/users/:id, GET} route","timestamp":"2024-11-27T21:19:33.174Z"}
{"context":"RouterExplorer","level":"info","message":"Mapped {/users/:id, PUT} route","timestamp":"2024-11-27T21:19:33.182Z"}
{"context":"RouterExplorer","level":"info","message":"Mapped {/users/:id, DELETE} route","timestamp":"2024-11-27T21:19:33.187Z"}
{"context":"NestApplication","level":"info","message":"Nest application successfully started","timestamp":"2024-11-27T21:19:33.203Z"}
{"context":"NestFactory","level":"info","message":"Starting Nest application...","timestamp":"2024-11-27T21:34:25.742Z"}
{"context":"InstanceLoader","level":"info","message":"MongooseModule dependencies initialized","timestamp":"2024-11-27T21:34:25.832Z"}
{"context":"InstanceLoader","level":"info","message":"CoreModule dependencies initialized","timestamp":"2024-11-27T21:34:25.851Z"}
{"context":"InstanceLoader","level":"info","message":"AppModule dependencies initialized","timestamp":"2024-11-27T21:34:25.865Z"}
{"context":"InstanceLoader","level":"info","message":"MongooseCoreModule dependencies initialized","timestamp":"2024-11-27T21:34:25.967Z"}
{"context":"InstanceLoader","level":"info","message":"MongooseModule dependencies initialized","timestamp":"2024-11-27T21:34:25.990Z"}
{"context":"InstanceLoader","level":"info","message":"UsersModule dependencies initialized","timestamp":"2024-11-27T21:34:25.994Z"}
{"context":"WebSocketsController","level":"info","message":"UsersGateway subscribed to the \"userAction\" message","timestamp":"2024-11-27T21:34:26.069Z"}
{"context":"RoutesResolver","level":"info","message":"AppController {/}:","timestamp":"2024-11-27T21:34:26.075Z"}
{"context":"RouterExplorer","level":"info","message":"Mapped {/, GET} route","timestamp":"2024-11-27T21:34:26.094Z"}
{"context":"RouterExplorer","level":"info","message":"Mapped {/test-connection, GET} route","timestamp":"2024-11-27T21:34:26.100Z"}
{"context":"RoutesResolver","level":"info","message":"UseController {/use}:","timestamp":"2024-11-27T21:34:26.102Z"}
{"context":"RoutesResolver","level":"info","message":"UsersController {/users}:","timestamp":"2024-11-27T21:34:26.104Z"}
{"context":"RouterExplorer","level":"info","message":"Mapped {/users/register, POST} route","timestamp":"2024-11-27T21:34:26.107Z"}
{"context":"RouterExplorer","level":"info","message":"Mapped {/users/login, POST} route","timestamp":"2024-11-27T21:34:26.112Z"}
{"context":"RouterExplorer","level":"info","message":"Mapped {/users, GET} route","timestamp":"2024-11-27T21:34:26.120Z"}
{"context":"RouterExplorer","level":"info","message":"Mapped {/users/:id, GET} route","timestamp":"2024-11-27T21:34:26.125Z"}
{"context":"RouterExplorer","level":"info","message":"Mapped {/users/:id, PUT} route","timestamp":"2024-11-27T21:34:26.133Z"}
{"context":"RouterExplorer","level":"info","message":"Mapped {/users/:id, DELETE} route","timestamp":"2024-11-27T21:34:26.137Z"}
{"context":"NestApplication","level":"info","message":"Nest application successfully started","timestamp":"2024-11-27T21:34:26.157Z"}
{"context":"NestFactory","level":"info","message":"Starting Nest application...","timestamp":"2024-11-27T21:35:31.347Z"}
{"context":"InstanceLoader","level":"info","message":"MongooseModule dependencies initialized","timestamp":"2024-11-27T21:35:31.416Z"}
{"context":"InstanceLoader","level":"info","message":"CoreModule dependencies initialized","timestamp":"2024-11-27T21:35:31.417Z"}
{"context":"InstanceLoader","level":"info","message":"AppModule dependencies initialized","timestamp":"2024-11-27T21:35:31.418Z"}
{"context":"InstanceLoader","level":"info","message":"MongooseCoreModule dependencies initialized","timestamp":"2024-11-27T21:35:31.460Z"}
{"context":"InstanceLoader","level":"info","message":"MongooseModule dependencies initialized","timestamp":"2024-11-27T21:35:31.473Z"}
{"context":"InstanceLoader","level":"info","message":"UsersModule dependencies initialized","timestamp":"2024-11-27T21:35:31.474Z"}
{"context":"WebSocketsController","level":"info","message":"UsersGateway subscribed to the \"userAction\" message","timestamp":"2024-11-27T21:35:31.493Z"}
{"context":"RoutesResolver","level":"info","message":"AppController {/}:","timestamp":"2024-11-27T21:35:31.496Z"}
{"context":"RouterExplorer","level":"info","message":"Mapped {/, GET} route","timestamp":"2024-11-27T21:35:31.500Z"}
{"context":"RouterExplorer","level":"info","message":"Mapped {/test-connection, GET} route","timestamp":"2024-11-27T21:35:31.501Z"}
{"context":"RoutesResolver","level":"info","message":"UseController {/use}:","timestamp":"2024-11-27T21:35:31.505Z"}
{"context":"RoutesResolver","level":"info","message":"UsersController {/users}:","timestamp":"2024-11-27T21:35:31.506Z"}
{"context":"RouterExplorer","level":"info","message":"Mapped {/users/register, POST} route","timestamp":"2024-11-27T21:35:31.507Z"}
{"context":"RouterExplorer","level":"info","message":"Mapped {/users/login, POST} route","timestamp":"2024-11-27T21:35:31.508Z"}
{"context":"RouterExplorer","level":"info","message":"Mapped {/users, GET} route","timestamp":"2024-11-27T21:35:31.510Z"}
{"context":"RouterExplorer","level":"info","message":"Mapped {/users/:id, GET} route","timestamp":"2024-11-27T21:35:31.512Z"}
{"context":"RouterExplorer","level":"info","message":"Mapped {/users/:id, PUT} route","timestamp":"2024-11-27T21:35:31.515Z"}
{"context":"RouterExplorer","level":"info","message":"Mapped {/users/:id, DELETE} route","timestamp":"2024-11-27T21:35:31.517Z"}
{"context":"NestApplication","level":"info","message":"Nest application successfully started","timestamp":"2024-11-27T21:35:31.523Z"}
{"context":"NestFactory","level":"info","message":"Starting Nest application...","timestamp":"2024-11-27T22:42:18.359Z"}
{"context":"InstanceLoader","level":"info","message":"MongooseModule dependencies initialized","timestamp":"2024-11-27T22:42:18.424Z"}
{"context":"InstanceLoader","level":"info","message":"CoreModule dependencies initialized","timestamp":"2024-11-27T22:42:18.425Z"}
{"context":"InstanceLoader","level":"info","message":"AppModule dependencies initialized","timestamp":"2024-11-27T22:42:18.426Z"}
{"context":"InstanceLoader","level":"info","message":"MongooseCoreModule dependencies initialized","timestamp":"2024-11-27T22:42:18.480Z"}
{"context":"InstanceLoader","level":"info","message":"MongooseModule dependencies initialized","timestamp":"2024-11-27T22:42:18.490Z"}
{"context":"InstanceLoader","level":"info","message":"UsersModule dependencies initialized","timestamp":"2024-11-27T22:42:18.492Z"}
{"context":"WebSocketsController","level":"info","message":"UsersGateway subscribed to the \"userAction\" message","timestamp":"2024-11-27T22:42:18.635Z"}
{"context":"RoutesResolver","level":"info","message":"AppController {/}:","timestamp":"2024-11-27T22:42:18.638Z"}
{"context":"RouterExplorer","level":"info","message":"Mapped {/, GET} route","timestamp":"2024-11-27T22:42:18.641Z"}
{"context":"RouterExplorer","level":"info","message":"Mapped {/test-connection, GET} route","timestamp":"2024-11-27T22:42:18.643Z"}
{"context":"RoutesResolver","level":"info","message":"UseController {/use}:","timestamp":"2024-11-27T22:42:18.644Z"}
{"context":"RoutesResolver","level":"info","message":"UsersController {/users}:","timestamp":"2024-11-27T22:42:18.645Z"}
{"context":"RouterExplorer","level":"info","message":"Mapped {/users/register, POST} route","timestamp":"2024-11-27T22:42:18.647Z"}
{"context":"RouterExplorer","level":"info","message":"Mapped {/users/login, POST} route","timestamp":"2024-11-27T22:42:18.649Z"}
{"context":"RouterExplorer","level":"info","message":"Mapped {/users, GET} route","timestamp":"2024-11-27T22:42:18.651Z"}
{"context":"RouterExplorer","level":"info","message":"Mapped {/users/:id, GET} route","timestamp":"2024-11-27T22:42:18.652Z"}
{"context":"RouterExplorer","level":"info","message":"Mapped {/users/:id, PUT} route","timestamp":"2024-11-27T22:42:18.653Z"}
{"context":"RouterExplorer","level":"info","message":"Mapped {/users/:id, DELETE} route","timestamp":"2024-11-27T22:42:18.659Z"}
{"context":"NestApplication","level":"info","message":"Nest application successfully started","timestamp":"2024-11-27T22:42:18.663Z"}
{"level":"info","message":"El usuario camdvmdrlos ha sido registrado.","timestamp":"2024-11-27T22:42:42.757Z"}
{"context":"NestFactory","level":"info","message":"Starting Nest application...","timestamp":"2024-11-27T22:55:18.539Z"}
{"context":"InstanceLoader","level":"info","message":"MongooseModule dependencies initialized","timestamp":"2024-11-27T22:55:18.603Z"}
{"context":"InstanceLoader","level":"info","message":"CoreModule dependencies initialized","timestamp":"2024-11-27T22:55:18.604Z"}
{"context":"InstanceLoader","level":"info","message":"JwtModule dependencies initialized","timestamp":"2024-11-27T22:55:18.605Z"}
{"context":"InstanceLoader","level":"info","message":"AppModule dependencies initialized","timestamp":"2024-11-27T22:55:18.606Z"}
{"context":"InstanceLoader","level":"info","message":"MongooseCoreModule dependencies initialized","timestamp":"2024-11-27T22:55:18.654Z"}
{"context":"InstanceLoader","level":"info","message":"MongooseModule dependencies initialized","timestamp":"2024-11-27T22:55:18.667Z"}
{"context":"InstanceLoader","level":"info","message":"UsersModule dependencies initialized","timestamp":"2024-11-27T22:55:18.669Z"}
{"context":"InstanceLoader","level":"info","message":"AuthModule dependencies initialized","timestamp":"2024-11-27T22:55:18.670Z"}
{"context":"WebSocketsController","level":"info","message":"UsersGateway subscribed to the \"userAction\" message","timestamp":"2024-11-27T22:55:18.788Z"}
{"context":"RoutesResolver","level":"info","message":"AppController {/}:","timestamp":"2024-11-27T22:55:18.791Z"}
{"context":"RouterExplorer","level":"info","message":"Mapped {/, GET} route","timestamp":"2024-11-27T22:55:18.794Z"}
{"context":"RouterExplorer","level":"info","message":"Mapped {/test-connection, GET} route","timestamp":"2024-11-27T22:55:18.795Z"}
{"context":"RoutesResolver","level":"info","message":"UseController {/use}:","timestamp":"2024-11-27T22:55:18.797Z"}
{"context":"RoutesResolver","level":"info","message":"UsersController {/users}:","timestamp":"2024-11-27T22:55:18.798Z"}
{"context":"RouterExplorer","level":"info","message":"Mapped {/users/register, POST} route","timestamp":"2024-11-27T22:55:18.800Z"}
{"context":"RouterExplorer","level":"info","message":"Mapped {/users/login, POST} route","timestamp":"2024-11-27T22:55:18.801Z"}
{"context":"RouterExplorer","level":"info","message":"Mapped {/users, GET} route","timestamp":"2024-11-27T22:55:18.803Z"}
{"context":"RouterExplorer","level":"info","message":"Mapped {/users/:id, GET} route","timestamp":"2024-11-27T22:55:18.806Z"}
{"context":"RouterExplorer","level":"info","message":"Mapped {/users/:id, PUT} route","timestamp":"2024-11-27T22:55:18.808Z"}
{"context":"RouterExplorer","level":"info","message":"Mapped {/users/:id, DELETE} route","timestamp":"2024-11-27T22:55:18.810Z"}
{"context":"RoutesResolver","level":"info","message":"AuthController {/auth}:","timestamp":"2024-11-27T22:55:18.812Z"}
{"context":"RouterExplorer","level":"info","message":"Mapped {/auth/login, POST} route","timestamp":"2024-11-27T22:55:18.813Z"}
{"context":"NestApplication","level":"info","message":"Nest application successfully started","timestamp":"2024-11-27T22:55:18.817Z"}
{"context":"NestFactory","level":"info","message":"Starting Nest application...","timestamp":"2024-11-27T23:12:56.152Z"}
{"context":"InstanceLoader","level":"info","message":"MongooseModule dependencies initialized","timestamp":"2024-11-27T23:12:56.209Z"}
{"context":"InstanceLoader","level":"info","message":"CoreModule dependencies initialized","timestamp":"2024-11-27T23:12:56.211Z"}
{"context":"InstanceLoader","level":"info","message":"JwtModule dependencies initialized","timestamp":"2024-11-27T23:12:56.213Z"}
{"context":"InstanceLoader","level":"info","message":"AppModule dependencies initialized","timestamp":"2024-11-27T23:12:56.214Z"}
{"context":"InstanceLoader","level":"info","message":"MongooseCoreModule dependencies initialized","timestamp":"2024-11-27T23:12:56.268Z"}
{"context":"InstanceLoader","level":"info","message":"MongooseModule dependencies initialized","timestamp":"2024-11-27T23:12:56.294Z"}
{"context":"InstanceLoader","level":"info","message":"AuthModule dependencies initialized","timestamp":"2024-11-27T23:12:56.306Z"}
{"context":"InstanceLoader","level":"info","message":"UsersModule dependencies initialized","timestamp":"2024-11-27T23:12:56.313Z"}
{"context":"WebSocketsController","level":"info","message":"UsersGateway subscribed to the \"userAction\" message","timestamp":"2024-11-27T23:12:56.492Z"}
{"context":"RoutesResolver","level":"info","message":"AppController {/}:","timestamp":"2024-11-27T23:12:56.498Z"}
{"context":"RouterExplorer","level":"info","message":"Mapped {/, GET} route","timestamp":"2024-11-27T23:12:56.517Z"}
{"context":"RouterExplorer","level":"info","message":"Mapped {/test-connection, GET} route","timestamp":"2024-11-27T23:12:56.522Z"}
{"context":"RoutesResolver","level":"info","message":"UseController {/use}:","timestamp":"2024-11-27T23:12:56.524Z"}
{"context":"RoutesResolver","level":"info","message":"UsersController {/users}:","timestamp":"2024-11-27T23:12:56.528Z"}
{"context":"RouterExplorer","level":"info","message":"Mapped {/users/register, POST} route","timestamp":"2024-11-27T23:12:56.531Z"}
{"context":"RouterExplorer","level":"info","message":"Mapped {/users/login, POST} route","timestamp":"2024-11-27T23:12:56.533Z"}
{"context":"RouterExplorer","level":"info","message":"Mapped {/users, GET} route","timestamp":"2024-11-27T23:12:56.539Z"}
{"context":"RouterExplorer","level":"info","message":"Mapped {/users/:id, GET} route","timestamp":"2024-11-27T23:12:56.542Z"}
{"context":"RouterExplorer","level":"info","message":"Mapped {/users/:id, PUT} route","timestamp":"2024-11-27T23:12:56.545Z"}
{"context":"RouterExplorer","level":"info","message":"Mapped {/users/:id, DELETE} route","timestamp":"2024-11-27T23:12:56.550Z"}
{"context":"RoutesResolver","level":"info","message":"AuthController {/auth}:","timestamp":"2024-11-27T23:12:56.551Z"}
{"context":"RouterExplorer","level":"info","message":"Mapped {/auth/login, POST} route","timestamp":"2024-11-27T23:12:56.555Z"}
{"context":"NestApplication","level":"info","message":"Nest application successfully started","timestamp":"2024-11-27T23:12:56.564Z"}
{"context":"NestFactory","level":"info","message":"Starting Nest application...","timestamp":"2024-11-28T04:05:51.546Z"}
{"context":"InstanceLoader","level":"info","message":"MongooseModule dependencies initialized","timestamp":"2024-11-28T04:05:51.634Z"}
{"context":"InstanceLoader","level":"info","message":"CoreModule dependencies initialized","timestamp":"2024-11-28T04:05:51.635Z"}
{"context":"InstanceLoader","level":"info","message":"JwtModule dependencies initialized","timestamp":"2024-11-28T04:05:51.637Z"}
{"context":"InstanceLoader","level":"info","message":"AppModule dependencies initialized","timestamp":"2024-11-28T04:05:51.638Z"}
{"context":"InstanceLoader","level":"info","message":"MongooseCoreModule dependencies initialized","timestamp":"2024-11-28T04:05:51.699Z"}
{"context":"InstanceLoader","level":"info","message":"MongooseModule dependencies initialized","timestamp":"2024-11-28T04:05:51.713Z"}
{"context":"InstanceLoader","level":"info","message":"AuthModule dependencies initialized","timestamp":"2024-11-28T04:05:51.718Z"}
{"context":"InstanceLoader","level":"info","message":"UsersModule dependencies initialized","timestamp":"2024-11-28T04:05:51.720Z"}
{"context":"WebSocketsController","level":"info","message":"UsersGateway subscribed to the \"userAction\" message","timestamp":"2024-11-28T04:05:51.882Z"}
{"context":"RoutesResolver","level":"info","message":"AppController {/}:","timestamp":"2024-11-28T04:05:51.888Z"}
{"context":"RouterExplorer","level":"info","message":"Mapped {/, GET} route","timestamp":"2024-11-28T04:05:51.893Z"}
{"context":"RouterExplorer","level":"info","message":"Mapped {/test-connection, GET} route","timestamp":"2024-11-28T04:05:51.894Z"}
{"context":"RoutesResolver","level":"info","message":"UseController {/use}:","timestamp":"2024-11-28T04:05:51.896Z"}
{"context":"RoutesResolver","level":"info","message":"UsersController {/users}:","timestamp":"2024-11-28T04:05:51.897Z"}
{"context":"RouterExplorer","level":"info","message":"Mapped {/users/register, POST} route","timestamp":"2024-11-28T04:05:51.905Z"}
{"context":"RouterExplorer","level":"info","message":"Mapped {/users/login, POST} route","timestamp":"2024-11-28T04:05:51.907Z"}
{"context":"RouterExplorer","level":"info","message":"Mapped {/users, GET} route","timestamp":"2024-11-28T04:05:51.909Z"}
{"context":"RouterExplorer","level":"info","message":"Mapped {/users/:id, GET} route","timestamp":"2024-11-28T04:05:51.911Z"}
{"context":"RouterExplorer","level":"info","message":"Mapped {/users/:id, PUT} route","timestamp":"2024-11-28T04:05:51.920Z"}
{"context":"RouterExplorer","level":"info","message":"Mapped {/users/:id, DELETE} route","timestamp":"2024-11-28T04:05:51.926Z"}
{"context":"RoutesResolver","level":"info","message":"AuthController {/auth}:","timestamp":"2024-11-28T04:05:51.930Z"}
{"context":"RouterExplorer","level":"info","message":"Mapped {/auth/login, POST} route","timestamp":"2024-11-28T04:05:51.933Z"}
{"context":"NestApplication","level":"info","message":"Nest application successfully started","timestamp":"2024-11-28T04:05:51.951Z"}
{"level":"info","message":"El usuario testusernuevo ha sido registrado.","timestamp":"2024-11-28T04:07:41.151Z"}
{"context":"NestFactory","level":"info","message":"Starting Nest application...","timestamp":"2024-11-28T04:19:44.853Z"}
{"context":"InstanceLoader","level":"info","message":"MongooseModule dependencies initialized","timestamp":"2024-11-28T04:19:44.926Z"}
{"context":"InstanceLoader","level":"info","message":"CoreModule dependencies initialized","timestamp":"2024-11-28T04:19:44.928Z"}
{"context":"InstanceLoader","level":"info","message":"JwtModule dependencies initialized","timestamp":"2024-11-28T04:19:44.930Z"}
{"context":"InstanceLoader","level":"info","message":"AppModule dependencies initialized","timestamp":"2024-11-28T04:19:44.931Z"}
{"context":"InstanceLoader","level":"info","message":"MongooseCoreModule dependencies initialized","timestamp":"2024-11-28T04:19:44.980Z"}
{"context":"InstanceLoader","level":"info","message":"MongooseModule dependencies initialized","timestamp":"2024-11-28T04:19:44.991Z"}
{"context":"InstanceLoader","level":"info","message":"AuthModule dependencies initialized","timestamp":"2024-11-28T04:19:44.994Z"}
{"context":"InstanceLoader","level":"info","message":"UsersModule dependencies initialized","timestamp":"2024-11-28T04:19:44.996Z"}
{"context":"WebSocketsController","level":"info","message":"UsersGateway subscribed to the \"userAction\" message","timestamp":"2024-11-28T04:19:45.119Z"}
{"context":"RoutesResolver","level":"info","message":"AppController {/}:","timestamp":"2024-11-28T04:19:45.122Z"}
{"context":"RouterExplorer","level":"info","message":"Mapped {/, GET} route","timestamp":"2024-11-28T04:19:45.125Z"}
{"context":"RouterExplorer","level":"info","message":"Mapped {/test-connection, GET} route","timestamp":"2024-11-28T04:19:45.126Z"}
{"context":"RoutesResolver","level":"info","message":"UseController {/use}:","timestamp":"2024-11-28T04:19:45.127Z"}
{"context":"RoutesResolver","level":"info","message":"UsersController {/users}:","timestamp":"2024-11-28T04:19:45.128Z"}
{"context":"RouterExplorer","level":"info","message":"Mapped {/users/register, POST} route","timestamp":"2024-11-28T04:19:45.130Z"}
{"context":"RouterExplorer","level":"info","message":"Mapped {/users/login, POST} route","timestamp":"2024-11-28T04:19:45.132Z"}
{"context":"RouterExplorer","level":"info","message":"Mapped {/users, GET} route","timestamp":"2024-11-28T04:19:45.135Z"}
{"context":"RouterExplorer","level":"info","message":"Mapped {/users/:id, GET} route","timestamp":"2024-11-28T04:19:45.137Z"}
{"context":"RouterExplorer","level":"info","message":"Mapped {/users/:id, PUT} route","timestamp":"2024-11-28T04:19:45.139Z"}
{"context":"RouterExplorer","level":"info","message":"Mapped {/users/:id, DELETE} route","timestamp":"2024-11-28T04:19:45.141Z"}
{"context":"RoutesResolver","level":"info","message":"AuthController {/auth}:","timestamp":"2024-11-28T04:19:45.141Z"}
{"context":"RouterExplorer","level":"info","message":"Mapped {/auth/login, POST} route","timestamp":"2024-11-28T04:19:45.143Z"}
{"context":"NestApplication","level":"info","message":"Nest application successfully started","timestamp":"2024-11-28T04:19:45.148Z"}
{"context":"NestFactory","level":"info","message":"Starting Nest application...","timestamp":"2024-11-28T04:40:43.137Z"}
{"context":"InstanceLoader","level":"info","message":"MongooseModule dependencies initialized","timestamp":"2024-11-28T04:40:43.204Z"}
{"context":"InstanceLoader","level":"info","message":"CoreModule dependencies initialized","timestamp":"2024-11-28T04:40:43.205Z"}
{"context":"InstanceLoader","level":"info","message":"JwtModule dependencies initialized","timestamp":"2024-11-28T04:40:43.206Z"}
{"context":"InstanceLoader","level":"info","message":"AppModule dependencies initialized","timestamp":"2024-11-28T04:40:43.207Z"}
{"context":"InstanceLoader","level":"info","message":"MongooseCoreModule dependencies initialized","timestamp":"2024-11-28T04:40:43.232Z"}
{"context":"InstanceLoader","level":"info","message":"MongooseModule dependencies initialized","timestamp":"2024-11-28T04:40:43.245Z"}
{"context":"InstanceLoader","level":"info","message":"AuthModule dependencies initialized","timestamp":"2024-11-28T04:40:43.250Z"}
{"context":"InstanceLoader","level":"info","message":"UsersModule dependencies initialized","timestamp":"2024-11-28T04:40:43.252Z"}
{"context":"WebSocketsController","level":"info","message":"UsersGateway subscribed to the \"userAction\" message","timestamp":"2024-11-28T04:40:43.374Z"}
{"context":"RoutesResolver","level":"info","message":"AppController {/}:","timestamp":"2024-11-28T04:40:43.376Z"}
{"context":"RouterExplorer","level":"info","message":"Mapped {/, GET} route","timestamp":"2024-11-28T04:40:43.379Z"}
{"context":"RouterExplorer","level":"info","message":"Mapped {/test-connection, GET} route","timestamp":"2024-11-28T04:40:43.381Z"}
{"context":"RoutesResolver","level":"info","message":"UseController {/use}:","timestamp":"2024-11-28T04:40:43.382Z"}
{"context":"RoutesResolver","level":"info","message":"UsersController {/users}:","timestamp":"2024-11-28T04:40:43.383Z"}
{"context":"RouterExplorer","level":"info","message":"Mapped {/users/register, POST} route","timestamp":"2024-11-28T04:40:43.385Z"}
{"context":"RouterExplorer","level":"info","message":"Mapped {/users/login, POST} route","timestamp":"2024-11-28T04:40:43.386Z"}
{"context":"RouterExplorer","level":"info","message":"Mapped {/users, GET} route","timestamp":"2024-11-28T04:40:43.389Z"}
{"context":"RouterExplorer","level":"info","message":"Mapped {/users/:id, GET} route","timestamp":"2024-11-28T04:40:43.391Z"}
{"context":"RouterExplorer","level":"info","message":"Mapped {/users/:id, PUT} route","timestamp":"2024-11-28T04:40:43.392Z"}
{"context":"RouterExplorer","level":"info","message":"Mapped {/users/:id, DELETE} route","timestamp":"2024-11-28T04:40:43.394Z"}
{"context":"RoutesResolver","level":"info","message":"AuthController {/auth}:","timestamp":"2024-11-28T04:40:43.395Z"}
{"context":"RouterExplorer","level":"info","message":"Mapped {/auth/login, POST} route","timestamp":"2024-11-28T04:40:43.397Z"}
{"context":"NestApplication","level":"info","message":"Nest application successfully started","timestamp":"2024-11-28T04:40:43.404Z"}
